<?xml version="1.0" encoding="UTF-8"?>
<!-- Generated by org.testng.reporters.JUnitReportReporter -->
<testsuite hostname="MacBook-Pro-de-Jessica.local" failures="0" tests="1" name="com.opensource.admin.qa.TC001_Admin_SearchEmployee" time="8.410" errors="0" timestamp="26 jun. 2021 14:44:26 GMT" skipped="0">
  <testcase classname="com.opensource.admin.qa.TC001_Admin_SearchEmployee" name="TC001_Admin_SearchEmployeeSelenium" time="8.410"/>
</testsuite> <!-- com.opensource.admin.qa.TC001_Admin_SearchEmployee -->
