<?xml version="1.0" encoding="UTF-8"?>
<!-- Generated by org.testng.reporters.JUnitReportReporter -->
<testsuite hostname="MacBook-Pro-de-Jessica.local" failures="0" tests="1" name="com.opensource.admin.qa.TC002_Admin_SearchEmployee_NotExist" time="7.516" errors="0" timestamp="26 jun. 2021 15:00:30 GMT" skipped="0">
  <testcase classname="com.opensource.admin.qa.TC002_Admin_SearchEmployee_NotExist" name="TC002_Admin_SearchEmployee_NotExist" time="7.516"/>
</testsuite> <!-- com.opensource.admin.qa.TC002_Admin_SearchEmployee_NotExist -->
