<?xml version="1.0" encoding="UTF-8"?>
<!-- Generated by org.testng.reporters.JUnitReportReporter -->
<testsuite hostname="MacBook-Pro-de-Jessica.local" failures="0" tests="1" name="com.google.GoogleTest" time="5.382" errors="0" timestamp="05 jun. 2021 13:42:54 GMT" skipped="0">
  <testcase classname="com.google.GoogleTest" name="f" time="5.382"/>
</testsuite> <!-- com.google.GoogleTest -->
